<?xml version="1.0" encoding="UTF-8"?>
<!-- Generated by org.testng.reporters.JUnitXMLReporter -->
<testsuite ignored="2" hostname="DESKTOP-EOF73JI" failures="0" tests="3" name="suite" time="7.557" errors="0" timestamp="2022-12-22T10:56:48 EET">
  <testcase classname="phpTravels.TravelPhpSubHeaderCheckTest" name="checkPageSubTitle" time="0.024"/>
  <testcase classname="phpTravels.TravelPhpHeaderCheckTest" name="checkPageTitle" time="0.02"/>
  <testcase classname="phpTravels.TravelPhpFillInputTest" name="fillInputForm" time="0.174"/>
  <testcase classname="common.ChromeSetup" name="@BeforeSuite setDate" time="0.0">
    <ignored/>
  </testcase> <!-- @BeforeSuite setDate -->
  <testcase classname="common.ChromeSetup" name="@BeforeSuite setDate" time="0.0">
    <ignored/>
  </testcase> <!-- @BeforeSuite setDate -->
</testsuite> <!-- suite -->
