<?xml version="1.0" encoding="UTF-8"?>
<testng-results ignored="2" total="5" passed="3" failed="0" skipped="0">
  <reporter-output>
    <line>
      <![CDATA[dsdsss]]>
    </line>
  </reporter-output>
  <suite started-at="2022-12-22T10:56:41 EET" name="All Test Suite" finished-at="2022-12-22T10:56:48 EET" duration-ms="7557">
    <groups>
    </groups>
    <test started-at="2022-12-22T10:56:41 EET" name="suite" finished-at="2022-12-22T10:56:48 EET" duration-ms="7557">
      <class name="phpTravels.TravelPhpFillInputTest">
        <test-method is-config="true" signature="setUp()[pri:0, instance:phpTravels.TravelPhpFillInputTest@38c5cc4c]" started-at="2022-12-22T10:56:46 EET" name="setUp" finished-at="2022-12-22T10:56:48 EET" duration-ms="1610" status="PASS">
          <reporter-output>
          </reporter-output>
        </test-method> <!-- setUp -->
        <test-method signature="fillInputForm()[pri:0, instance:phpTravels.TravelPhpFillInputTest@38c5cc4c]" started-at="2022-12-22T10:56:48 EET" name="fillInputForm" finished-at="2022-12-22T10:56:48 EET" duration-ms="174" status="PASS">
          <reporter-output>
          </reporter-output>
        </test-method> <!-- fillInputForm -->
        <test-method is-config="true" signature="tearDown()[pri:0, instance:phpTravels.TravelPhpFillInputTest@38c5cc4c]" started-at="2022-12-22T10:56:48 EET" name="tearDown" finished-at="2022-12-22T10:56:48 EET" duration-ms="584" status="PASS">
          <reporter-output>
          </reporter-output>
        </test-method> <!-- tearDown -->
      </class> <!-- phpTravels.TravelPhpFillInputTest -->
      <class name="phpTravels.TravelPhpSubHeaderCheckTest">
        <test-method is-config="true" signature="setDate()[pri:0, instance:phpTravels.TravelPhpSubHeaderCheckTest@7f1302d6]" started-at="2022-12-22T10:56:41 EET" name="setDate" finished-at="2022-12-22T10:56:41 EET" duration-ms="43" status="PASS">
          <reporter-output>
            <line>
              <![CDATA[dsdsss]]>
            </line>
          </reporter-output>
        </test-method> <!-- setDate -->
        <test-method is-config="true" signature="setUp()[pri:0, instance:phpTravels.TravelPhpSubHeaderCheckTest@7f1302d6]" started-at="2022-12-22T10:56:41 EET" name="setUp" finished-at="2022-12-22T10:56:43 EET" duration-ms="2282" status="PASS">
          <reporter-output>
          </reporter-output>
        </test-method> <!-- setUp -->
        <test-method signature="checkPageSubTitle()[pri:0, instance:phpTravels.TravelPhpSubHeaderCheckTest@7f1302d6]" started-at="2022-12-22T10:56:43 EET" name="checkPageSubTitle" finished-at="2022-12-22T10:56:43 EET" duration-ms="24" status="PASS">
          <reporter-output>
          </reporter-output>
        </test-method> <!-- checkPageSubTitle -->
        <test-method is-config="true" signature="tearDown()[pri:0, instance:phpTravels.TravelPhpSubHeaderCheckTest@7f1302d6]" started-at="2022-12-22T10:56:43 EET" name="tearDown" finished-at="2022-12-22T10:56:44 EET" duration-ms="580" status="PASS">
          <reporter-output>
          </reporter-output>
        </test-method> <!-- tearDown -->
      </class> <!-- phpTravels.TravelPhpSubHeaderCheckTest -->
      <class name="phpTravels.TravelPhpHeaderCheckTest">
        <test-method is-config="true" signature="setUp()[pri:0, instance:phpTravels.TravelPhpHeaderCheckTest@223f3642]" started-at="2022-12-22T10:56:44 EET" name="setUp" finished-at="2022-12-22T10:56:46 EET" duration-ms="1685" status="PASS">
          <reporter-output>
          </reporter-output>
        </test-method> <!-- setUp -->
        <test-method signature="checkPageTitle()[pri:0, instance:phpTravels.TravelPhpHeaderCheckTest@223f3642]" started-at="2022-12-22T10:56:46 EET" name="checkPageTitle" finished-at="2022-12-22T10:56:46 EET" duration-ms="20" status="PASS">
          <reporter-output>
          </reporter-output>
        </test-method> <!-- checkPageTitle -->
        <test-method is-config="true" signature="tearDown()[pri:0, instance:phpTravels.TravelPhpHeaderCheckTest@223f3642]" started-at="2022-12-22T10:56:46 EET" name="tearDown" finished-at="2022-12-22T10:56:46 EET" duration-ms="572" status="PASS">
          <reporter-output>
          </reporter-output>
        </test-method> <!-- tearDown -->
      </class> <!-- phpTravels.TravelPhpHeaderCheckTest -->
    </test> <!-- suite -->
  </suite> <!-- All Test Suite -->
</testng-results>
